============================= test session starts =============================
platform win32 -- Python 3.14.2, pytest-9.0.2, pluggy-1.6.0 -- C:\Python314\python.exe
cachedir: .pytest_cache
rootdir: G:\다른 컴퓨터\내 컴퓨터\google antigravity\intranet-messenger-main
plugins: anyio-4.12.0, flask-1.3.0
collecting ... collected 3 items

tests/test_user_deletion.py::test_user_deletion_cleanup PASSED           [ 33%]
tests/test_user_deletion.py::test_user_deletion_wrong_password PASSED    [ 66%]
tests/test_user_deletion.py::test_change_password PASSED                 [100%]

============================== warnings summary ===============================
tests/test_user_deletion.py::test_user_deletion_cleanup
  G:\다른 컴퓨터\내 컴퓨터\google antigravity\intranet-messenger-main\app\__init__.py:21: MonkeyPatchWarning: Monkey-patching ssl after ssl has already been imported may lead to errors, including RecursionError on Python 3.6. It may also silently lead to incorrect behaviour on Python 3.7. Please monkey-patch earlier. See https://github.com/gevent/gevent/issues/1016. Modules that had direct imports (NOT patched): ['anyio.streams.tls (C:\\Python314\\Lib\\site-packages\\anyio\\streams\\tls.py)']. 
    monkey.patch_all()

tests/test_user_deletion.py::test_user_deletion_cleanup
tests/test_user_deletion.py::test_user_deletion_wrong_password
tests/test_user_deletion.py::test_change_password
  C:\Python314\Lib\site-packages\flask_session\filesystem\filesystem.py:75: DeprecationWarning: FileSystemSessionInterface is deprecated and will be removed in a future release. Instead use the CacheLib backend directly.
    warnings.warn(

tests/test_user_deletion.py::test_user_deletion_cleanup
tests/test_user_deletion.py::test_user_deletion_wrong_password
tests/test_user_deletion.py::test_change_password
  C:\Python314\Lib\site-packages\flask_session\base.py:172: DeprecationWarning: The 'use_signer' option is deprecated and will be removed in the next minor release. Please update your configuration accordingly or open an issue.
    warnings.warn(

-- Docs: https://docs.pytest.org/en/stable/how-to/capture-warnings.html
======================== 3 passed, 7 warnings in 4.34s ========================
